"Severity","ThreadID","Date","Time","Application","Message"
"ERROR","web-0","02/09/2013","15:38:42","","request (path: /home/pi/railo/webapps/railo/WEB-INF/railo/context/admin/web.cfm (/home/pi/railo/webapps/railo/WEB-INF/railo/context/admin/resources/text.cfm):2) is run into a timeout (50 seconds) and has been stopped.
	at railo.runtime.text.xml.XMLUtil.getChildNode(XMLUtil.java:903):903
	at railo.runtime.text.xml.XMLNodeList.getChildNode(XMLNodeList.java:471):471
	at railo.runtime.text.xml.XMLNodeList.item(XMLNodeList.java:76):76
	at railo.runtime.text.xml.XMLNodeList.get(XMLNodeList.java:200):200
	at admin.resources.text_cfm$cf.udfCall(/Users/mic/Projects/Railo/Source/railo/railo-cfml/railo-admin/admin/resources/text.cfm:111):111
	at railo.runtime.type.UDFImpl.implementation(UDFImpl.java:103):103
	at railo.runtime.type.UDFImpl._call(UDFImpl.java:371):371
	at railo.runtime.type.UDFImpl.call(UDFImpl.java:284):284
	at railo.runtime.type.scope.UndefinedImpl.call(UndefinedImpl.java:774):774
	at railo.runtime.util.VariableUtilImpl.callFunctionWithoutNamedValues(VariableUtilImpl.java:723):723
	at railo.runtime.PageContextImpl.getFunction(PageContextImpl.java:1506):1506
	at admin.resources.text_cfm$cf.call(/Users/mic/Projects/Railo/Source/railo/railo-cfml/railo-admin/admin/resources/text.cfm:17):17
	at railo.runtime.PageContextImpl.doInclude(PageContextImpl.java:801):801
	at railo.runtime.PageContextImpl.doInclude(PageContextImpl.java:748):748
	at admin.web_cfm$cf.call(/Users/mic/Projects/Railo/Source/railo/railo-cfml/railo-admin/admin/web.cfm:120):120
	at railo.runtime.PageContextImpl.doInclude(PageContextImpl.java:801):801
	at railo.runtime.PageContextImpl.doInclude(PageContextImpl.java:753):753
	at railo.runtime.listener.ModernAppListener._onRequest(ModernAppListener.java:183):183
	at railo.runtime.listener.MixedAppListener.onRequest(MixedAppListener.java:18):18
	at railo.runtime.PageContextImpl.execute(PageContextImpl.java:2255):2255
	at railo.runtime.PageContextImpl.execute(PageContextImpl.java:2222):2222
	at railo.runtime.engine.CFMLEngineImpl.serviceCFML(CFMLEngineImpl.java:310):310
	at railo.loader.servlet.CFMLServlet.service(CFMLServlet.java:29):29
	at javax.servlet.http.HttpServlet.service(HttpServlet.java:848):848
	at org.eclipse.jetty.servlet.ServletHolder.handle(ServletHolder.java:648):648
	at org.eclipse.jetty.servlet.ServletHandler.doHandle(ServletHandler.java:455):455
	at org.eclipse.jetty.server.handler.ScopedHandler.handle(ScopedHandler.java:137):137
	at org.eclipse.jetty.security.SecurityHandler.handle(SecurityHandler.java:559):559
	at org.eclipse.jetty.server.session.SessionHandler.doHandle(SessionHandler.java:231):231
	at org.eclipse.jetty.server.handler.ContextHandler.doHandle(ContextHandler.java:1072):1072
	at org.eclipse.jetty.servlet.ServletHandler.doScope(ServletHandler.java:382):382
	at org.eclipse.jetty.server.session.SessionHandler.doScope(SessionHandler.java:193):193
	at org.eclipse.jetty.server.handler.ContextHandler.doScope(ContextHandler.java:1006):1006
	at org.eclipse.jetty.server.handler.ScopedHandler.handle(ScopedHandler.java:135):135
	at org.eclipse.jetty.server.handler.ContextHandlerCollection.handle(ContextHandlerCollection.java:245):245
	at org.eclipse.jetty.server.handler.HandlerCollection.handle(HandlerCollection.java:154):154
	at org.eclipse.jetty.server.handler.HandlerWrapper.handle(HandlerWrapper.java:116):116
	at org.eclipse.jetty.server.Server.handle(Server.java:365):365
	at org.eclipse.jetty.server.AbstractHttpConnection.handleRequest(AbstractHttpConnection.java:485):485
	at org.eclipse.jetty.server.AbstractHttpConnection.headerComplete(AbstractHttpConnection.java:926):926
	at org.eclipse.jetty.server.AbstractHttpConnection$RequestHandler.headerComplete(AbstractHttpConnection.java:988):988
	at org.eclipse.jetty.http.HttpParser.parseNext(HttpParser.java:635):635
	at org.eclipse.jetty.http.HttpParser.parseAvailable(HttpParser.java:235):235
	at org.eclipse.jetty.server.AsyncHttpConnection.handle(AsyncHttpConnection.java:82):82
	at org.eclipse.jetty.io.nio.SelectChannelEndPoint.handle(SelectChannelEndPoint.java:627):627
	at org.eclipse.jetty.io.nio.SelectChannelEndPoint$1.run(SelectChannelEndPoint.java:51):51
	at org.eclipse.jetty.util.thread.QueuedThreadPool.runJob(QueuedThreadPool.java:608):608
	at org.eclipse.jetty.util.thread.QueuedThreadPool$3.run(QueuedThreadPool.java:543):543
	at java.lang.Thread.run(Thread.java:722):722
"
"ERROR","web-0","02/09/2013","15:38:47","","request (path: /home/pi/railo/webapps/railo/WEB-INF/railo/context/admin/server.cfm (/home/pi/railo/webapps/railo/WEB-INF/railo/context/admin/resources/text.cfm):1) is run into a timeout (50 seconds) and has been stopped.
	at railo.runtime.text.xml.XMLUtil.getChildNode(XMLUtil.java:903):903
	at railo.runtime.text.xml.XMLNodeList.getChildNode(XMLNodeList.java:471):471
	at railo.runtime.text.xml.XMLNodeList.item(XMLNodeList.java:76):76
	at railo.runtime.text.xml.XMLNodeList.get(XMLNodeList.java:200):200
	at admin.resources.text_cfm$cf.udfCall(/Users/mic/Projects/Railo/Source/railo/railo-cfml/railo-admin/admin/resources/text.cfm:111):111
	at railo.runtime.type.UDFImpl.implementation(UDFImpl.java:103):103
	at railo.runtime.type.UDFImpl._call(UDFImpl.java:371):371
	at railo.runtime.type.UDFImpl.call(UDFImpl.java:284):284
	at railo.runtime.type.scope.UndefinedImpl.call(UndefinedImpl.java:774):774
	at railo.runtime.util.VariableUtilImpl.callFunctionWithoutNamedValues(VariableUtilImpl.java:723):723
	at railo.runtime.PageContextImpl.getFunction(PageContextImpl.java:1506):1506
	at admin.resources.text_cfm$cf.call(/Users/mic/Projects/Railo/Source/railo/railo-cfml/railo-admin/admin/resources/text.cfm:17):17
	at railo.runtime.PageContextImpl.doInclude(PageContextImpl.java:801):801
	at railo.runtime.PageContextImpl.doInclude(PageContextImpl.java:748):748
	at admin.web_cfm$cf.call(/Users/mic/Projects/Railo/Source/railo/railo-cfml/railo-admin/admin/web.cfm:120):120
	at railo.runtime.PageContextImpl.doInclude(PageContextImpl.java:801):801
	at railo.runtime.PageContextImpl.doInclude(PageContextImpl.java:748):748
	at admin.server_cfm$cf.call(/Users/mic/Projects/Railo/Source/railo/railo-cfml/railo-admin/admin/server.cfm:2):2
	at railo.runtime.PageContextImpl.doInclude(PageContextImpl.java:801):801
	at railo.runtime.PageContextImpl.doInclude(PageContextImpl.java:753):753
	at railo.runtime.listener.ModernAppListener._onRequest(ModernAppListener.java:183):183
	at railo.runtime.listener.MixedAppListener.onRequest(MixedAppListener.java:18):18
	at railo.runtime.PageContextImpl.execute(PageContextImpl.java:2255):2255
	at railo.runtime.PageContextImpl.execute(PageContextImpl.java:2222):2222
	at railo.runtime.engine.CFMLEngineImpl.serviceCFML(CFMLEngineImpl.java:310):310
	at railo.loader.servlet.CFMLServlet.service(CFMLServlet.java:29):29
	at javax.servlet.http.HttpServlet.service(HttpServlet.java:848):848
	at org.eclipse.jetty.servlet.ServletHolder.handle(ServletHolder.java:648):648
	at org.eclipse.jetty.servlet.ServletHandler.doHandle(ServletHandler.java:455):455
	at org.eclipse.jetty.server.handler.ScopedHandler.handle(ScopedHandler.java:137):137
	at org.eclipse.jetty.security.SecurityHandler.handle(SecurityHandler.java:559):559
	at org.eclipse.jetty.server.session.SessionHandler.doHandle(SessionHandler.java:231):231
	at org.eclipse.jetty.server.handler.ContextHandler.doHandle(ContextHandler.java:1072):1072
	at org.eclipse.jetty.servlet.ServletHandler.doScope(ServletHandler.java:382):382
	at org.eclipse.jetty.server.session.SessionHandler.doScope(SessionHandler.java:193):193
	at org.eclipse.jetty.server.handler.ContextHandler.doScope(ContextHandler.java:1006):1006
	at org.eclipse.jetty.server.handler.ScopedHandler.handle(ScopedHandler.java:135):135
	at org.eclipse.jetty.server.handler.ContextHandlerCollection.handle(ContextHandlerCollection.java:245):245
	at org.eclipse.jetty.server.handler.HandlerCollection.handle(HandlerCollection.java:154):154
	at org.eclipse.jetty.server.handler.HandlerWrapper.handle(HandlerWrapper.java:116):116
	at org.eclipse.jetty.server.Server.handle(Server.java:365):365
	at org.eclipse.jetty.server.AbstractHttpConnection.handleRequest(AbstractHttpConnection.java:485):485
	at org.eclipse.jetty.server.AbstractHttpConnection.headerComplete(AbstractHttpConnection.java:926):926
	at org.eclipse.jetty.server.AbstractHttpConnection$RequestHandler.headerComplete(AbstractHttpConnection.java:988):988
	at org.eclipse.jetty.http.HttpParser.parseNext(HttpParser.java:635):635
	at org.eclipse.jetty.http.HttpParser.parseAvailable(HttpParser.java:235):235
	at org.eclipse.jetty.server.AsyncHttpConnection.handle(AsyncHttpConnection.java:82):82
	at org.eclipse.jetty.io.nio.SelectChannelEndPoint.handle(SelectChannelEndPoint.java:627):627
	at org.eclipse.jetty.io.nio.SelectChannelEndPoint$1.run(SelectChannelEndPoint.java:51):51
	at org.eclipse.jetty.util.thread.QueuedThreadPool.runJob(QueuedThreadPool.java:608):608
	at org.eclipse.jetty.util.thread.QueuedThreadPool$3.run(QueuedThreadPool.java:543):543
	at java.lang.Thread.run(Thread.java:722):722
"
"ERROR","web-0","02/09/2013","15:41:52","","request (path: /home/pi/railo/webapps/railo/WEB-INF/railo/context/admin/server.cfm (/home/pi/railo/webapps/railo/WEB-INF/railo/context/admin/resources/text.cfm):2) is run into a timeout (50 seconds) and has been stopped.
	at railo.runtime.text.xml.XMLUtil.getChildNode(XMLUtil.java:903):903
	at railo.runtime.text.xml.XMLNodeList.getChildNode(XMLNodeList.java:471):471
	at railo.runtime.text.xml.XMLNodeList.item(XMLNodeList.java:76):76
	at railo.runtime.text.xml.XMLNodeList.get(XMLNodeList.java:200):200
	at admin.resources.text_cfm$cf.udfCall(/Users/mic/Projects/Railo/Source/railo/railo-cfml/railo-admin/admin/resources/text.cfm:111):111
	at railo.runtime.type.UDFImpl.implementation(UDFImpl.java:103):103
	at railo.runtime.type.UDFImpl._call(UDFImpl.java:371):371
	at railo.runtime.type.UDFImpl.call(UDFImpl.java:284):284
	at railo.runtime.type.scope.UndefinedImpl.call(UndefinedImpl.java:774):774
	at railo.runtime.util.VariableUtilImpl.callFunctionWithoutNamedValues(VariableUtilImpl.java:723):723
	at railo.runtime.PageContextImpl.getFunction(PageContextImpl.java:1506):1506
	at admin.resources.text_cfm$cf.call(/Users/mic/Projects/Railo/Source/railo/railo-cfml/railo-admin/admin/resources/text.cfm:17):17
	at railo.runtime.PageContextImpl.doInclude(PageContextImpl.java:801):801
	at railo.runtime.PageContextImpl.doInclude(PageContextImpl.java:748):748
	at admin.web_cfm$cf.call(/Users/mic/Projects/Railo/Source/railo/railo-cfml/railo-admin/admin/web.cfm:120):120
	at railo.runtime.PageContextImpl.doInclude(PageContextImpl.java:801):801
	at railo.runtime.PageContextImpl.doInclude(PageContextImpl.java:748):748
	at admin.server_cfm$cf.call(/Users/mic/Projects/Railo/Source/railo/railo-cfml/railo-admin/admin/server.cfm:2):2
	at railo.runtime.PageContextImpl.doInclude(PageContextImpl.java:801):801
	at railo.runtime.PageContextImpl.doInclude(PageContextImpl.java:753):753
	at railo.runtime.listener.ModernAppListener._onRequest(ModernAppListener.java:183):183
	at railo.runtime.listener.MixedAppListener.onRequest(MixedAppListener.java:18):18
	at railo.runtime.PageContextImpl.execute(PageContextImpl.java:2255):2255
	at railo.runtime.PageContextImpl.execute(PageContextImpl.java:2222):2222
	at railo.runtime.engine.CFMLEngineImpl.serviceCFML(CFMLEngineImpl.java:310):310
	at railo.loader.servlet.CFMLServlet.service(CFMLServlet.java:29):29
	at javax.servlet.http.HttpServlet.service(HttpServlet.java:848):848
	at org.eclipse.jetty.servlet.ServletHolder.handle(ServletHolder.java:648):648
	at org.eclipse.jetty.servlet.ServletHandler.doHandle(ServletHandler.java:455):455
	at org.eclipse.jetty.server.handler.ScopedHandler.handle(ScopedHandler.java:137):137
	at org.eclipse.jetty.security.SecurityHandler.handle(SecurityHandler.java:559):559
	at org.eclipse.jetty.server.session.SessionHandler.doHandle(SessionHandler.java:231):231
	at org.eclipse.jetty.server.handler.ContextHandler.doHandle(ContextHandler.java:1072):1072
	at org.eclipse.jetty.servlet.ServletHandler.doScope(ServletHandler.java:382):382
	at org.eclipse.jetty.server.session.SessionHandler.doScope(SessionHandler.java:193):193
	at org.eclipse.jetty.server.handler.ContextHandler.doScope(ContextHandler.java:1006):1006
	at org.eclipse.jetty.server.handler.ScopedHandler.handle(ScopedHandler.java:135):135
	at org.eclipse.jetty.server.handler.ContextHandlerCollection.handle(ContextHandlerCollection.java:245):245
	at org.eclipse.jetty.server.handler.HandlerCollection.handle(HandlerCollection.java:154):154
	at org.eclipse.jetty.server.handler.HandlerWrapper.handle(HandlerWrapper.java:116):116
	at org.eclipse.jetty.server.Server.handle(Server.java:365):365
	at org.eclipse.jetty.server.AbstractHttpConnection.handleRequest(AbstractHttpConnection.java:485):485
	at org.eclipse.jetty.server.AbstractHttpConnection.headerComplete(AbstractHttpConnection.java:926):926
	at org.eclipse.jetty.server.AbstractHttpConnection$RequestHandler.headerComplete(AbstractHttpConnection.java:988):988
	at org.eclipse.jetty.http.HttpParser.parseNext(HttpParser.java:635):635
	at org.eclipse.jetty.http.HttpParser.parseAvailable(HttpParser.java:235):235
	at org.eclipse.jetty.server.AsyncHttpConnection.handle(AsyncHttpConnection.java:82):82
	at org.eclipse.jetty.io.nio.SelectChannelEndPoint.handle(SelectChannelEndPoint.java:627):627
	at org.eclipse.jetty.io.nio.SelectChannelEndPoint$1.run(SelectChannelEndPoint.java:51):51
	at org.eclipse.jetty.util.thread.QueuedThreadPool.runJob(QueuedThreadPool.java:608):608
	at org.eclipse.jetty.util.thread.QueuedThreadPool$3.run(QueuedThreadPool.java:543):543
	at java.lang.Thread.run(Thread.java:722):722
"
