"Severity","ThreadID","Date","Time","Application","Message"
"ERROR","web-0","02/09/2013","19:04:28","","key [CACHE] doesn't exist in struct (keys:applicationname)
	at railo.runtime.type.util.StructSupport.invalidKey(StructSupport.java:33):33
	at railo.runtime.type.StructImpl.get(StructImpl.java:77):77
	at index_cfm$cf.call(/home/pi/railo/webapps/recantha.dnsdynamic.com/index.cfm:4):4
	at railo.runtime.PageContextImpl.doInclude(PageContextImpl.java:801):801
	at railo.runtime.PageContextImpl.doInclude(PageContextImpl.java:753):753
	at railo.runtime.listener.ModernAppListener._onRequest(ModernAppListener.java:183):183
	at railo.runtime.listener.MixedAppListener.onRequest(MixedAppListener.java:18):18
	at railo.runtime.PageContextImpl.execute(PageContextImpl.java:2255):2255
	at railo.runtime.PageContextImpl.execute(PageContextImpl.java:2222):2222
	at railo.runtime.engine.CFMLEngineImpl.serviceCFML(CFMLEngineImpl.java:310):310
	at railo.loader.servlet.CFMLServlet.service(CFMLServlet.java:29):29
	at javax.servlet.http.HttpServlet.service(HttpServlet.java:848):848
	at org.eclipse.jetty.servlet.ServletHolder.handle(ServletHolder.java:648):648
	at org.eclipse.jetty.servlet.ServletHandler.doHandle(ServletHandler.java:455):455
	at org.eclipse.jetty.server.handler.ScopedHandler.handle(ScopedHandler.java:137):137
	at org.eclipse.jetty.security.SecurityHandler.handle(SecurityHandler.java:577):577
	at org.eclipse.jetty.server.session.SessionHandler.doHandle(SessionHandler.java:231):231
	at org.eclipse.jetty.server.handler.ContextHandler.doHandle(ContextHandler.java:1072):1072
	at org.eclipse.jetty.servlet.ServletHandler.doScope(ServletHandler.java:382):382
	at org.eclipse.jetty.server.session.SessionHandler.doScope(SessionHandler.java:193):193
	at org.eclipse.jetty.server.handler.ContextHandler.doScope(ContextHandler.java:1006):1006
	at org.eclipse.jetty.server.handler.ScopedHandler.handle(ScopedHandler.java:135):135
	at org.eclipse.jetty.server.Dispatcher.forward(Dispatcher.java:276):276
	at org.eclipse.jetty.server.Dispatcher.forward(Dispatcher.java:103):103
	at org.eclipse.jetty.servlet.DefaultServlet.doGet(DefaultServlet.java:566):566
	at javax.servlet.http.HttpServlet.service(HttpServlet.java:735):735
	at javax.servlet.http.HttpServlet.service(HttpServlet.java:848):848
	at org.eclipse.jetty.servlet.ServletHolder.handle(ServletHolder.java:648):648
	at org.eclipse.jetty.servlet.ServletHandler.doHandle(ServletHandler.java:455):455
	at org.eclipse.jetty.server.handler.ScopedHandler.handle(ScopedHandler.java:137):137
	at org.eclipse.jetty.security.SecurityHandler.handle(SecurityHandler.java:559):559
	at org.eclipse.jetty.server.session.SessionHandler.doHandle(SessionHandler.java:231):231
	at org.eclipse.jetty.server.handler.ContextHandler.doHandle(ContextHandler.java:1072):1072
	at org.eclipse.jetty.servlet.ServletHandler.doScope(ServletHandler.java:382):382
	at org.eclipse.jetty.server.session.SessionHandler.doScope(SessionHandler.java:193):193
	at org.eclipse.jetty.server.handler.ContextHandler.doScope(ContextHandler.java:1006):1006
	at org.eclipse.jetty.server.handler.ScopedHandler.handle(ScopedHandler.java:135):135
	at org.eclipse.jetty.server.handler.ContextHandlerCollection.handle(ContextHandlerCollection.java:224):224
	at org.eclipse.jetty.server.handler.HandlerCollection.handle(HandlerCollection.java:154):154
	at org.eclipse.jetty.server.handler.HandlerWrapper.handle(HandlerWrapper.java:116):116
	at org.eclipse.jetty.server.Server.handle(Server.java:365):365
	at org.eclipse.jetty.server.AbstractHttpConnection.handleRequest(AbstractHttpConnection.java:485):485
	at org.eclipse.jetty.server.AbstractHttpConnection.headerComplete(AbstractHttpConnection.java:926):926
	at org.eclipse.jetty.server.AbstractHttpConnection$RequestHandler.headerComplete(AbstractHttpConnection.java:988):988
	at org.eclipse.jetty.http.HttpParser.parseNext(HttpParser.java:635):635
	at org.eclipse.jetty.http.HttpParser.parseAvailable(HttpParser.java:235):235
	at org.eclipse.jetty.server.AsyncHttpConnection.handle(AsyncHttpConnection.java:82):82
	at org.eclipse.jetty.io.nio.SelectChannelEndPoint.handle(SelectChannelEndPoint.java:627):627
	at org.eclipse.jetty.io.nio.SelectChannelEndPoint$1.run(SelectChannelEndPoint.java:51):51
	at org.eclipse.jetty.util.thread.QueuedThreadPool.runJob(QueuedThreadPool.java:608):608
	at org.eclipse.jetty.util.thread.QueuedThreadPool$3.run(QueuedThreadPool.java:543):543
	at java.lang.Thread.run(Thread.java:722):722
"
"ERROR","web-0","02/09/2013","19:28:14","","key [URL] doesn't exist in struct (keys:name,href)
	at railo.runtime.type.util.StructSupport.invalidKey(StructSupport.java:33):33
	at railo.runtime.type.StructImpl.get(StructImpl.java:77):77
	at railo.runtime.type.util.StructSupport.get(StructSupport.java:223):223
	at railo.runtime.util.VariableUtilImpl.get(VariableUtilImpl.java:243):243
	at railo.runtime.PageContextImpl.get(PageContextImpl.java:1343):1343
	at index_cfm$cf.call(/home/pi/railo/webapps/recantha.dnsdynamic.com/index.cfm:212):212
	at railo.runtime.PageContextImpl.doInclude(PageContextImpl.java:801):801
	at railo.runtime.PageContextImpl.doInclude(PageContextImpl.java:753):753
	at railo.runtime.listener.ModernAppListener._onRequest(ModernAppListener.java:183):183
	at railo.runtime.listener.MixedAppListener.onRequest(MixedAppListener.java:18):18
	at railo.runtime.PageContextImpl.execute(PageContextImpl.java:2255):2255
	at railo.runtime.PageContextImpl.execute(PageContextImpl.java:2222):2222
	at railo.runtime.engine.CFMLEngineImpl.serviceCFML(CFMLEngineImpl.java:310):310
	at railo.loader.servlet.CFMLServlet.service(CFMLServlet.java:29):29
	at javax.servlet.http.HttpServlet.service(HttpServlet.java:848):848
	at org.eclipse.jetty.servlet.ServletHolder.handle(ServletHolder.java:648):648
	at org.eclipse.jetty.servlet.ServletHandler.doHandle(ServletHandler.java:455):455
	at org.eclipse.jetty.server.handler.ScopedHandler.handle(ScopedHandler.java:137):137
	at org.eclipse.jetty.security.SecurityHandler.handle(SecurityHandler.java:577):577
	at org.eclipse.jetty.server.session.SessionHandler.doHandle(SessionHandler.java:231):231
	at org.eclipse.jetty.server.handler.ContextHandler.doHandle(ContextHandler.java:1072):1072
	at org.eclipse.jetty.servlet.ServletHandler.doScope(ServletHandler.java:382):382
	at org.eclipse.jetty.server.session.SessionHandler.doScope(SessionHandler.java:193):193
	at org.eclipse.jetty.server.handler.ContextHandler.doScope(ContextHandler.java:1006):1006
	at org.eclipse.jetty.server.handler.ScopedHandler.handle(ScopedHandler.java:135):135
	at org.eclipse.jetty.server.Dispatcher.forward(Dispatcher.java:276):276
	at org.eclipse.jetty.server.Dispatcher.forward(Dispatcher.java:103):103
	at org.eclipse.jetty.servlet.DefaultServlet.doGet(DefaultServlet.java:566):566
	at javax.servlet.http.HttpServlet.service(HttpServlet.java:735):735
	at javax.servlet.http.HttpServlet.service(HttpServlet.java:848):848
	at org.eclipse.jetty.servlet.ServletHolder.handle(ServletHolder.java:648):648
	at org.eclipse.jetty.servlet.ServletHandler.doHandle(ServletHandler.java:455):455
	at org.eclipse.jetty.server.handler.ScopedHandler.handle(ScopedHandler.java:137):137
	at org.eclipse.jetty.security.SecurityHandler.handle(SecurityHandler.java:559):559
	at org.eclipse.jetty.server.session.SessionHandler.doHandle(SessionHandler.java:231):231
	at org.eclipse.jetty.server.handler.ContextHandler.doHandle(ContextHandler.java:1072):1072
	at org.eclipse.jetty.servlet.ServletHandler.doScope(ServletHandler.java:382):382
	at org.eclipse.jetty.server.session.SessionHandler.doScope(SessionHandler.java:193):193
	at org.eclipse.jetty.server.handler.ContextHandler.doScope(ContextHandler.java:1006):1006
	at org.eclipse.jetty.server.handler.ScopedHandler.handle(ScopedHandler.java:135):135
	at org.eclipse.jetty.server.handler.ContextHandlerCollection.handle(ContextHandlerCollection.java:224):224
	at org.eclipse.jetty.server.handler.HandlerCollection.handle(HandlerCollection.java:154):154
	at org.eclipse.jetty.server.handler.HandlerWrapper.handle(HandlerWrapper.java:116):116
	at org.eclipse.jetty.server.Server.handle(Server.java:365):365
	at org.eclipse.jetty.server.AbstractHttpConnection.handleRequest(AbstractHttpConnection.java:485):485
	at org.eclipse.jetty.server.AbstractHttpConnection.headerComplete(AbstractHttpConnection.java:926):926
	at org.eclipse.jetty.server.AbstractHttpConnection$RequestHandler.headerComplete(AbstractHttpConnection.java:988):988
	at org.eclipse.jetty.http.HttpParser.parseNext(HttpParser.java:635):635
	at org.eclipse.jetty.http.HttpParser.parseAvailable(HttpParser.java:235):235
	at org.eclipse.jetty.server.AsyncHttpConnection.handle(AsyncHttpConnection.java:82):82
	at org.eclipse.jetty.io.nio.SelectChannelEndPoint.handle(SelectChannelEndPoint.java:627):627
	at org.eclipse.jetty.io.nio.SelectChannelEndPoint$1.run(SelectChannelEndPoint.java:51):51
	at org.eclipse.jetty.util.thread.QueuedThreadPool.runJob(QueuedThreadPool.java:608):608
	at org.eclipse.jetty.util.thread.QueuedThreadPool$3.run(QueuedThreadPool.java:543):543
	at java.lang.Thread.run(Thread.java:722):722
"
